2025-06-11 16:21:15.961  INFO 21099 --- [main] c.c.t.c.ConfigserverApplication          : The following profiles are active: native
2025-06-11 16:21:16.685  WARN 21099 --- [main] o.s.boot.actuate.endpoint.EndpointId     : Endpoint ID 'service-registry' contains invalid characters, please migrate to a valid format.
2025-06-11 16:21:16.776  INFO 21099 --- [main] o.s.cloud.context.scope.GenericScope     : BeanFactory id=84fbb3b0-3c13-3578-bf82-565061fedbb0
2025-06-11 16:21:16.780  INFO 21099 --- [main] ptablePropertiesBeanFactoryPostProcessor : Post-processing PropertySource instances
2025-06-11 16:21:16.798  INFO 21099 --- [main] c.u.j.EncryptablePropertySourceConverter : Converting PropertySource configurationProperties [org.springframework.boot.context.properties.source.ConfigurationPropertySourcesPropertySource] to AOP Proxy
2025-06-11 16:21:16.798  INFO 21099 --- [main] c.u.j.EncryptablePropertySourceConverter : Converting PropertySource servletConfigInitParams [org.springframework.core.env.PropertySource$StubPropertySource] to EncryptablePropertySourceWrapper
2025-06-11 16:21:16.798  INFO 21099 --- [main] c.u.j.EncryptablePropertySourceConverter : Converting PropertySource servletContextInitParams [org.springframework.core.env.PropertySource$StubPropertySource] to EncryptablePropertySourceWrapper
2025-06-11 16:21:16.798  INFO 21099 --- [main] c.u.j.EncryptablePropertySourceConverter : Converting PropertySource systemProperties [org.springframework.core.env.PropertiesPropertySource] to EncryptableMapPropertySourceWrapper
2025-06-11 16:21:16.799  INFO 21099 --- [main] c.u.j.EncryptablePropertySourceConverter : Converting PropertySource systemEnvironment [org.springframework.boot.env.SystemEnvironmentPropertySourceEnvironmentPostProcessor$OriginAwareSystemEnvironmentPropertySource] to EncryptableSystemEnvironmentPropertySourceWrapper
2025-06-11 16:21:16.799  INFO 21099 --- [main] c.u.j.EncryptablePropertySourceConverter : Converting PropertySource random [org.springframework.boot.env.RandomValuePropertySource] to EncryptablePropertySourceWrapper
2025-06-11 16:21:16.799  INFO 21099 --- [main] c.u.j.EncryptablePropertySourceConverter : Converting PropertySource configServerClient [org.springframework.core.env.MapPropertySource] to EncryptableMapPropertySourceWrapper
2025-06-11 16:21:16.799  INFO 21099 --- [main] c.u.j.EncryptablePropertySourceConverter : Converting PropertySource springCloudClientHostInfo [org.springframework.core.env.MapPropertySource] to EncryptableMapPropertySourceWrapper
2025-06-11 16:21:16.799  INFO 21099 --- [main] c.u.j.EncryptablePropertySourceConverter : Converting PropertySource applicationConfig: [classpath:/application.yml] [org.springframework.boot.env.OriginTrackedMapPropertySource] to EncryptableMapPropertySourceWrapper
2025-06-11 16:21:16.799  INFO 21099 --- [main] c.u.j.EncryptablePropertySourceConverter : Converting PropertySource springCloudDefaultProperties [org.springframework.core.env.MapPropertySource] to EncryptableMapPropertySourceWrapper
2025-06-11 16:21:16.799  INFO 21099 --- [main] c.u.j.EncryptablePropertySourceConverter : Converting PropertySource cachedrandom [org.springframework.cloud.util.random.CachedRandomPropertySource] to EncryptablePropertySourceWrapper
2025-06-11 16:21:16.809  INFO 21099 --- [main] c.u.j.filter.DefaultLazyPropertyFilter   : Property Filter custom Bean not found with name 'encryptablePropertyFilter'. Initializing Default Property Filter
2025-06-11 16:21:17.119  INFO 21099 --- [main] o.s.b.w.embedded.tomcat.TomcatWebServer  : Tomcat initialized with port(s): 8888 (http)
2025-06-11 16:21:17.128  INFO 21099 --- [main] o.apache.catalina.core.StandardService   : Starting service [Tomcat]
2025-06-11 16:21:17.128  INFO 21099 --- [main] org.apache.catalina.core.StandardEngine  : Starting Servlet engine: [Apache Tomcat/9.0.46]
2025-06-11 16:21:17.222  INFO 21099 --- [main] o.a.c.c.C.[Tomcat].[localhost].[/]       : Initializing Spring embedded WebApplicationContext
2025-06-11 16:21:17.222  INFO 21099 --- [main] w.s.c.ServletWebServerApplicationContext : Root WebApplicationContext: initialization completed in 1242 ms
2025-06-11 16:21:17.306  WARN 21099 --- [main] c.n.c.sources.URLConfigurationSource     : No URLs will be polled as dynamic configuration sources.
2025-06-11 16:21:17.306  INFO 21099 --- [main] c.n.c.sources.URLConfigurationSource     : To enable URLs as dynamic configuration sources, define System property archaius.configurationSource.additionalUrls or make config.properties available on classpath.
2025-06-11 16:21:17.315  INFO 21099 --- [main] c.netflix.config.DynamicPropertyFactory  : DynamicPropertyFactory is initialized with configuration sources: com.netflix.config.ConcurrentCompositeConfiguration@58a7dc4
2025-06-11 16:21:17.430  INFO 21099 --- [main] c.u.j.r.DefaultLazyPropertyResolver      : Property Resolver custom Bean not found with name 'encryptablePropertyResolver'. Initializing Default Property Resolver
2025-06-11 16:21:17.431  INFO 21099 --- [main] c.u.j.d.DefaultLazyPropertyDetector      : Property Detector custom Bean not found with name 'encryptablePropertyDetector'. Initializing Default Property Detector
2025-06-11 16:21:17.431  WARN 21099 --- [main] c.n.c.sources.URLConfigurationSource     : No URLs will be polled as dynamic configuration sources.
2025-06-11 16:21:17.431  INFO 21099 --- [main] c.n.c.sources.URLConfigurationSource     : To enable URLs as dynamic configuration sources, define System property archaius.configurationSource.additionalUrls or make config.properties available on classpath.
2025-06-11 16:21:17.630  INFO 21099 --- [main] o.s.s.concurrent.ThreadPoolTaskExecutor  : Initializing ExecutorService 'applicationTaskExecutor'
2025-06-11 16:21:17.928  INFO 21099 --- [main] DiscoveryClientOptionalArgsConfiguration : Eureka HTTP Client uses Jersey
2025-06-11 16:21:17.962  WARN 21099 --- [main] ockingLoadBalancerClientRibbonWarnLogger : You already have RibbonLoadBalancerClient on your classpath. It will be used by default. As Spring Cloud Ribbon is in maintenance mode. We recommend switching to BlockingLoadBalancerClient instead. In order to use it, set the value of `spring.cloud.loadbalancer.ribbon.enabled` to `false` or remove spring-cloud-starter-netflix-ribbon from your project.
2025-06-11 16:21:18.132  INFO 21099 --- [main] o.s.b.a.e.web.EndpointLinksResolver      : Exposing 2 endpoint(s) beneath base path '/actuator'
2025-06-11 16:21:18.169  INFO 21099 --- [main] o.s.c.n.eureka.InstanceInfoFactory       : Setting initial instance status as: STARTING
2025-06-11 16:21:18.261  INFO 21099 --- [main] com.netflix.discovery.DiscoveryClient    : Initializing Eureka in region us-east-1
2025-06-11 16:21:18.384  INFO 21099 --- [main] c.n.d.provider.DiscoveryJerseyProvider   : Using JSON encoding codec LegacyJacksonJson
2025-06-11 16:21:18.385  INFO 21099 --- [main] c.n.d.provider.DiscoveryJerseyProvider   : Using JSON decoding codec LegacyJacksonJson
2025-06-11 16:21:18.545  INFO 21099 --- [main] c.n.d.provider.DiscoveryJerseyProvider   : Using XML encoding codec XStreamXml
2025-06-11 16:21:18.546  INFO 21099 --- [main] c.n.d.provider.DiscoveryJerseyProvider   : Using XML decoding codec XStreamXml
2025-06-11 16:21:18.647  INFO 21099 --- [main] c.n.d.s.r.aws.ConfigClusterResolver      : Resolving eureka endpoints via configuration
2025-06-11 16:21:18.665  INFO 21099 --- [main] com.netflix.discovery.DiscoveryClient    : Disable delta property : false
2025-06-11 16:21:18.665  INFO 21099 --- [main] com.netflix.discovery.DiscoveryClient    : Single vip registry refresh property : null
2025-06-11 16:21:18.665  INFO 21099 --- [main] com.netflix.discovery.DiscoveryClient    : Force full registry fetch : false
2025-06-11 16:21:18.665  INFO 21099 --- [main] com.netflix.discovery.DiscoveryClient    : Application is null : false
2025-06-11 16:21:18.665  INFO 21099 --- [main] com.netflix.discovery.DiscoveryClient    : Registered Applications size is zero : true
2025-06-11 16:21:18.665  INFO 21099 --- [main] com.netflix.discovery.DiscoveryClient    : Application version is -1: true
2025-06-11 16:21:18.665  INFO 21099 --- [main] com.netflix.discovery.DiscoveryClient    : Getting all instance registry info from the eureka server
2025-06-11 16:21:18.824  INFO 21099 --- [main] com.netflix.discovery.DiscoveryClient    : The response status is 200
2025-06-11 16:21:18.825  INFO 21099 --- [main] com.netflix.discovery.DiscoveryClient    : Starting heartbeat executor: renew interval is: 30
2025-06-11 16:21:18.827  INFO 21099 --- [main] c.n.discovery.InstanceInfoReplicator     : InstanceInfoReplicator onDemand update allowed rate per min is 4
2025-06-11 16:21:18.830  INFO 21099 --- [main] com.netflix.discovery.DiscoveryClient    : Discovery Client initialized at timestamp 1749655278829 with initial instances count: 0
2025-06-11 16:21:18.831  INFO 21099 --- [main] o.s.c.n.e.s.EurekaServiceRegistry        : Registering application TRUSTFORT-CONFIG with eureka with status UP
2025-06-11 16:21:18.832  INFO 21099 --- [main] com.netflix.discovery.DiscoveryClient    : Saw local status change event StatusChangeEvent [timestamp=1749655278832, current=UP, previous=STARTING]
2025-06-11 16:21:18.833  INFO 21099 --- [DiscoveryClient-InstanceInfoReplicator-0] com.netflix.discovery.DiscoveryClient    : DiscoveryClient_TRUSTFORT-CONFIG/172.20.10.3:trustfort-config:8888: registering service...
2025-06-11 16:21:18.846  INFO 21099 --- [main] o.s.b.w.embedded.tomcat.TomcatWebServer  : Tomcat started on port(s): 8888 (http) with context path ''
2025-06-11 16:21:18.847  INFO 21099 --- [main] .s.c.n.e.s.EurekaAutoServiceRegistration : Updating port to 8888
2025-06-11 16:21:18.872  INFO 21099 --- [main] c.c.t.c.ConfigserverApplication          : Started ConfigserverApplication in 3.769 seconds (JVM running for 4.172)
2025-06-11 16:21:18.935  INFO 21099 --- [DiscoveryClient-InstanceInfoReplicator-0] com.netflix.discovery.DiscoveryClient    : DiscoveryClient_TRUSTFORT-CONFIG/172.20.10.3:trustfort-config:8888 - registration status: 204
2025-06-11 16:21:37.335  INFO 21099 --- [http-nio-8888-exec-1] o.a.c.c.C.[Tomcat].[localhost].[/]       : Initializing Spring DispatcherServlet 'dispatcherServlet'
2025-06-11 16:21:37.335  INFO 21099 --- [http-nio-8888-exec-1] o.s.web.servlet.DispatcherServlet        : Initializing Servlet 'dispatcherServlet'
2025-06-11 16:21:37.341  INFO 21099 --- [http-nio-8888-exec-1] o.s.web.servlet.DispatcherServlet        : Completed initialization in 6 ms
2025-06-11 16:21:37.430  INFO 21099 --- [http-nio-8888-exec-1] o.s.c.c.s.e.NativeEnvironmentRepository  : Adding property source: classpath:/config-server.yml
2025-06-11 16:21:48.827  INFO 21099 --- [DiscoveryClient-CacheRefreshExecutor-0] com.netflix.discovery.DiscoveryClient    : Disable delta property : false
2025-06-11 16:21:48.828  INFO 21099 --- [DiscoveryClient-CacheRefreshExecutor-0] com.netflix.discovery.DiscoveryClient    : Single vip registry refresh property : null
2025-06-11 16:21:48.828  INFO 21099 --- [DiscoveryClient-CacheRefreshExecutor-0] com.netflix.discovery.DiscoveryClient    : Force full registry fetch : false
2025-06-11 16:21:48.828  INFO 21099 --- [DiscoveryClient-CacheRefreshExecutor-0] com.netflix.discovery.DiscoveryClient    : Application is null : false
2025-06-11 16:21:48.828  INFO 21099 --- [DiscoveryClient-CacheRefreshExecutor-0] com.netflix.discovery.DiscoveryClient    : Registered Applications size is zero : true
2025-06-11 16:21:48.828  INFO 21099 --- [DiscoveryClient-CacheRefreshExecutor-0] com.netflix.discovery.DiscoveryClient    : Application version is -1: false
2025-06-11 16:21:48.828  INFO 21099 --- [DiscoveryClient-CacheRefreshExecutor-0] com.netflix.discovery.DiscoveryClient    : Getting all instance registry info from the eureka server
2025-06-11 16:21:48.860  INFO 21099 --- [DiscoveryClient-CacheRefreshExecutor-0] com.netflix.discovery.DiscoveryClient    : The response status is 200
2025-06-11 16:22:00.438  INFO 21099 --- [http-nio-8888-exec-2] o.s.c.c.s.e.NativeEnvironmentRepository  : Adding property source: classpath:/config-server.yml
2025-06-11 16:26:18.672  INFO 21099 --- [AsyncResolver-bootstrap-executor-0] c.n.d.s.r.aws.ConfigClusterResolver      : Resolving eureka endpoints via configuration
2025-06-11 16:30:01.847  INFO 21099 --- [http-nio-8888-exec-5] o.s.c.c.s.e.NativeEnvironmentRepository  : Adding property source: classpath:/config-server.yml
2025-06-11 16:31:18.657  INFO 21099 --- [AsyncResolver-bootstrap-executor-0] c.n.d.s.r.aws.ConfigClusterResolver      : Resolving eureka endpoints via configuration
2025-06-11 16:36:18.663  INFO 21099 --- [AsyncResolver-bootstrap-executor-0] c.n.d.s.r.aws.ConfigClusterResolver      : Resolving eureka endpoints via configuration
2025-06-11 16:41:18.675  INFO 21099 --- [AsyncResolver-bootstrap-executor-0] c.n.d.s.r.aws.ConfigClusterResolver      : Resolving eureka endpoints via configuration
2025-06-11 16:46:18.656  INFO 21099 --- [AsyncResolver-bootstrap-executor-0] c.n.d.s.r.aws.ConfigClusterResolver      : Resolving eureka endpoints via configuration
2025-06-11 16:51:18.660  INFO 21099 --- [AsyncResolver-bootstrap-executor-0] c.n.d.s.r.aws.ConfigClusterResolver      : Resolving eureka endpoints via configuration
2025-06-11 16:56:18.667  INFO 21099 --- [AsyncResolver-bootstrap-executor-0] c.n.d.s.r.aws.ConfigClusterResolver      : Resolving eureka endpoints via configuration
2025-06-11 17:01:18.688  INFO 21099 --- [AsyncResolver-bootstrap-executor-0] c.n.d.s.r.aws.ConfigClusterResolver      : Resolving eureka endpoints via configuration
2025-06-11 17:06:18.696  INFO 21099 --- [AsyncResolver-bootstrap-executor-0] c.n.d.s.r.aws.ConfigClusterResolver      : Resolving eureka endpoints via configuration
2025-06-11 17:11:18.699  INFO 21099 --- [AsyncResolver-bootstrap-executor-0] c.n.d.s.r.aws.ConfigClusterResolver      : Resolving eureka endpoints via configuration
2025-06-11 17:12:53.211  INFO 21099 --- [http-nio-8888-exec-7] o.s.c.c.s.e.NativeEnvironmentRepository  : Adding property source: classpath:/config-server.yml
2025-06-11 17:16:18.699  INFO 21099 --- [AsyncResolver-bootstrap-executor-0] c.n.d.s.r.aws.ConfigClusterResolver      : Resolving eureka endpoints via configuration
2025-06-11 17:20:08.589  INFO 21099 --- [http-nio-8888-exec-9] o.s.c.c.s.e.NativeEnvironmentRepository  : Adding property source: classpath:/config-server.yml
2025-06-11 17:21:18.708  INFO 21099 --- [AsyncResolver-bootstrap-executor-0] c.n.d.s.r.aws.ConfigClusterResolver      : Resolving eureka endpoints via configuration
2025-06-11 17:23:19.625  INFO 21099 --- [http-nio-8888-exec-1] o.s.c.c.s.e.NativeEnvironmentRepository  : Adding property source: classpath:/config-server.yml
2025-06-11 17:26:18.710  INFO 21099 --- [AsyncResolver-bootstrap-executor-0] c.n.d.s.r.aws.ConfigClusterResolver      : Resolving eureka endpoints via configuration
2025-06-11 17:27:10.123  INFO 21099 --- [http-nio-8888-exec-3] o.s.c.c.s.e.NativeEnvironmentRepository  : Adding property source: classpath:/config-server.yml
2025-06-11 17:31:18.713  INFO 21099 --- [AsyncResolver-bootstrap-executor-0] c.n.d.s.r.aws.ConfigClusterResolver      : Resolving eureka endpoints via configuration
